
> my-app@0.1.0 dev
> vite


  VITE v7.3.0  ready in 385 ms

  ➜  Local:   http://localhost:5173/
  ➜  Network: use --host to expose
(!) Failed to run dependency scan. Skipping dependency pre-bundling. Error:   Failed to scan for dependencies from entries:
  /app/index.html

  [31m✘ [41;31m[[41;97mERROR[41;31m][0m [1mThe symbol "price" has already been declared[0m

    src/components/ui/booking-modal.tsx:60:10:
[37m      60 │     const [32mprice[37m = gymClass.price || 0;
         ╵           [32m~~~~~[0m

  The symbol "price" was originally declared here:

    src/components/ui/booking-modal.tsx:48:14:
[37m      48 │         const [32mprice[37m = gymClass.price || 0;
         ╵               [32m~~~~~[0m


    at failureErrorWithLog (/app/node_modules/esbuild/lib/main.js:1467:15)
    at /app/node_modules/esbuild/lib/main.js:926:25
    at runOnEndCallbacks (/app/node_modules/esbuild/lib/main.js:1307:45)
    at buildResponseToResult (/app/node_modules/esbuild/lib/main.js:924:7)
    at /app/node_modules/esbuild/lib/main.js:936:9
    at new Promise (<anonymous>)
    at requestCallbacks.on-end (/app/node_modules/esbuild/lib/main.js:935:54)
    at handleRequest (/app/node_modules/esbuild/lib/main.js:628:17)
    at handleIncomingPacket (/app/node_modules/esbuild/lib/main.js:653:7)
    at Socket.readFromStdout (/app/node_modules/esbuild/lib/main.js:581:7)
11:41:35 PM [vite] (client) ✨ new dependencies optimized: react-dom/client, react-router-dom, firebase/auth, firebase/firestore, framer-motion, zustand, lucide-react, firebase/app, firebase/storage, @radix-ui/react-dialog, @radix-ui/react-slot, class-variance-authority, clsx, tailwind-merge
11:41:35 PM [vite] (client) ✨ optimized dependencies changed. reloading
11:41:38 PM [vite] (client) ✨ new dependencies optimized: embla-carousel-react
11:41:38 PM [vite] (client) ✨ optimized dependencies changed. reloading
11:41:41 PM [vite] (client) ✨ new dependencies optimized: colord, colord/plugins/a11y, colord/plugins/mix
11:41:41 PM [vite] (client) ✨ optimized dependencies changed. reloading
11:41:42 PM [vite] (client) Pre-transform error: /app/src/components/ui/booking-modal.tsx: Identifier 'price' has already been declared. (60:10)

  58 |         };
  59 |
> 60 |     const price = gymClass.price || 0;
     |           ^
  61 |         const bookingId = await addBooking(slug, bookingData);
  62 |
  63 |         if (price > 0) {
  Plugin: vite:react-babel
  File: /app/src/components/ui/booking-modal.tsx:60:10
  58 |          };
  59 |
  60 |      const price = gymClass.price || 0;
     |            ^
  61 |          const bookingId = await addBooking(slug, bookingData);
  62 |
11:41:42 PM [vite] Internal server error: /app/src/components/ui/booking-modal.tsx: Identifier 'price' has already been declared. (60:10)

  58 |         };
  59 |
> 60 |     const price = gymClass.price || 0;
     |           ^
  61 |         const bookingId = await addBooking(slug, bookingData);
  62 |
  63 |         if (price > 0) {
  Plugin: vite:react-babel
  File: /app/src/components/ui/booking-modal.tsx:60:10
  58 |          };
  59 |
  60 |      const price = gymClass.price || 0;
     |            ^
  61 |          const bookingId = await addBooking(slug, bookingData);
  62 |
      at constructor (/app/node_modules/@babel/parser/lib/index.js:367:19)
      at TypeScriptParserMixin.raise (/app/node_modules/@babel/parser/lib/index.js:6624:19)
      at TypeScriptScopeHandler.checkRedeclarationInScope (/app/node_modules/@babel/parser/lib/index.js:1646:19)
      at TypeScriptScopeHandler.declareName (/app/node_modules/@babel/parser/lib/index.js:1612:12)
      at TypeScriptScopeHandler.declareName (/app/node_modules/@babel/parser/lib/index.js:4909:11)
      at TypeScriptParserMixin.declareNameFromIdentifier (/app/node_modules/@babel/parser/lib/index.js:7594:16)
      at TypeScriptParserMixin.checkIdentifier (/app/node_modules/@babel/parser/lib/index.js:7590:12)
      at TypeScriptParserMixin.checkLVal (/app/node_modules/@babel/parser/lib/index.js:7527:12)
      at TypeScriptParserMixin.parseVarId (/app/node_modules/@babel/parser/lib/index.js:13488:10)
      at TypeScriptParserMixin.parseVarId (/app/node_modules/@babel/parser/lib/index.js:9805:11)
      at TypeScriptParserMixin.parseVar (/app/node_modules/@babel/parser/lib/index.js:13459:12)
      at TypeScriptParserMixin.parseVarStatement (/app/node_modules/@babel/parser/lib/index.js:13306:10)
      at TypeScriptParserMixin.parseVarStatement (/app/node_modules/@babel/parser/lib/index.js:9469:31)
      at TypeScriptParserMixin.parseStatementContent (/app/node_modules/@babel/parser/lib/index.js:12927:23)
      at TypeScriptParserMixin.parseStatementContent (/app/node_modules/@babel/parser/lib/index.js:9569:18)
      at TypeScriptParserMixin.parseStatementLike (/app/node_modules/@babel/parser/lib/index.js:12843:17)
      at TypeScriptParserMixin.parseStatementListItem (/app/node_modules/@babel/parser/lib/index.js:12823:17)
      at TypeScriptParserMixin.parseBlockOrModuleBlockBody (/app/node_modules/@babel/parser/lib/index.js:13392:61)
      at TypeScriptParserMixin.parseBlockBody (/app/node_modules/@babel/parser/lib/index.js:13385:10)
      at TypeScriptParserMixin.parseBlock (/app/node_modules/@babel/parser/lib/index.js:13373:10)
      at TypeScriptParserMixin.parseTryStatement (/app/node_modules/@babel/parser/lib/index.js:13281:23)
      at TypeScriptParserMixin.parseStatementContent (/app/node_modules/@babel/parser/lib/index.js:12880:21)
      at TypeScriptParserMixin.parseStatementContent (/app/node_modules/@babel/parser/lib/index.js:9569:18)
      at TypeScriptParserMixin.parseStatementLike (/app/node_modules/@babel/parser/lib/index.js:12843:17)
      at TypeScriptParserMixin.parseStatementListItem (/app/node_modules/@babel/parser/lib/index.js:12823:17)
      at TypeScriptParserMixin.parseBlockOrModuleBlockBody (/app/node_modules/@babel/parser/lib/index.js:13392:61)
      at TypeScriptParserMixin.parseBlockBody (/app/node_modules/@babel/parser/lib/index.js:13385:10)
      at TypeScriptParserMixin.parseBlock (/app/node_modules/@babel/parser/lib/index.js:13373:10)
      at TypeScriptParserMixin.parseFunctionBody (/app/node_modules/@babel/parser/lib/index.js:12174:24)
      at TypeScriptParserMixin.parseArrowExpression (/app/node_modules/@babel/parser/lib/index.js:12149:10)
      at TypeScriptParserMixin.parseAsyncArrowFromCallExpression (/app/node_modules/@babel/parser/lib/index.js:11328:10)
      at TypeScriptParserMixin.parseAsyncArrowFromCallExpression (/app/node_modules/@babel/parser/lib/index.js:9819:18)
      at TypeScriptParserMixin.parseCoverCallAndAsyncArrowHead (/app/node_modules/@babel/parser/lib/index.js:11258:27)
      at TypeScriptParserMixin.parseSubscript (/app/node_modules/@babel/parser/lib/index.js:11184:19)
      at TypeScriptParserMixin.parseSubscript (/app/node_modules/@babel/parser/lib/index.js:9329:18)
      at TypeScriptParserMixin.parseSubscripts (/app/node_modules/@babel/parser/lib/index.js:11158:19)
      at TypeScriptParserMixin.parseExprSubscripts (/app/node_modules/@babel/parser/lib/index.js:11149:17)
      at TypeScriptParserMixin.parseUpdate (/app/node_modules/@babel/parser/lib/index.js:11130:21)
      at TypeScriptParserMixin.parseMaybeUnary (/app/node_modules/@babel/parser/lib/index.js:11110:23)
      at TypeScriptParserMixin.parseMaybeUnary (/app/node_modules/@babel/parser/lib/index.js:9890:18)
      at TypeScriptParserMixin.parseMaybeUnaryOrPrivate (/app/node_modules/@babel/parser/lib/index.js:10963:61)
      at TypeScriptParserMixin.parseExprOps (/app/node_modules/@babel/parser/lib/index.js:10968:23)
      at TypeScriptParserMixin.parseMaybeConditional (/app/node_modules/@babel/parser/lib/index.js:10945:23)
      at TypeScriptParserMixin.parseMaybeAssign (/app/node_modules/@babel/parser/lib/index.js:10895:21)
      at TypeScriptParserMixin.parseMaybeAssign (/app/node_modules/@babel/parser/lib/index.js:9839:20)
      at /app/node_modules/@babel/parser/lib/index.js:10864:39
      at TypeScriptParserMixin.allowInAnd (/app/node_modules/@babel/parser/lib/index.js:12495:16)
      at TypeScriptParserMixin.parseMaybeAssignAllowIn (/app/node_modules/@babel/parser/lib/index.js:10864:17)
      at TypeScriptParserMixin.parseVar (/app/node_modules/@babel/parser/lib/index.js:13460:91)
      at TypeScriptParserMixin.parseVarStatement (/app/node_modules/@babel/parser/lib/index.js:13306:10)
11:41:43 PM [vite] (client) ✨ new dependencies optimized: date-fns
11:41:43 PM [vite] (client) ✨ optimized dependencies changed. reloading
11:41:44 PM [vite] (client) Pre-transform error: /app/src/components/ui/booking-modal.tsx: Identifier 'price' has already been declared. (60:10)

  58 |         };
  59 |
> 60 |     const price = gymClass.price || 0;
     |           ^
  61 |         const bookingId = await addBooking(slug, bookingData);
  62 |
  63 |         if (price > 0) {
  Plugin: vite:react-babel
  File: /app/src/components/ui/booking-modal.tsx:60:10
  58 |          };
  59 |
  60 |      const price = gymClass.price || 0;
     |            ^
  61 |          const bookingId = await addBooking(slug, bookingData);
  62 |
11:41:44 PM [vite] Internal server error: /app/src/components/ui/booking-modal.tsx: Identifier 'price' has already been declared. (60:10)

  58 |         };
  59 |
> 60 |     const price = gymClass.price || 0;
     |           ^
  61 |         const bookingId = await addBooking(slug, bookingData);
  62 |
  63 |         if (price > 0) {
  Plugin: vite:react-babel
  File: /app/src/components/ui/booking-modal.tsx:60:10
  58 |          };
  59 |
  60 |      const price = gymClass.price || 0;
     |            ^
  61 |          const bookingId = await addBooking(slug, bookingData);
  62 |
      at constructor (/app/node_modules/@babel/parser/lib/index.js:367:19)
      at TypeScriptParserMixin.raise (/app/node_modules/@babel/parser/lib/index.js:6624:19)
      at TypeScriptScopeHandler.checkRedeclarationInScope (/app/node_modules/@babel/parser/lib/index.js:1646:19)
      at TypeScriptScopeHandler.declareName (/app/node_modules/@babel/parser/lib/index.js:1612:12)
      at TypeScriptScopeHandler.declareName (/app/node_modules/@babel/parser/lib/index.js:4909:11)
      at TypeScriptParserMixin.declareNameFromIdentifier (/app/node_modules/@babel/parser/lib/index.js:7594:16)
      at TypeScriptParserMixin.checkIdentifier (/app/node_modules/@babel/parser/lib/index.js:7590:12)
      at TypeScriptParserMixin.checkLVal (/app/node_modules/@babel/parser/lib/index.js:7527:12)
      at TypeScriptParserMixin.parseVarId (/app/node_modules/@babel/parser/lib/index.js:13488:10)
      at TypeScriptParserMixin.parseVarId (/app/node_modules/@babel/parser/lib/index.js:9805:11)
      at TypeScriptParserMixin.parseVar (/app/node_modules/@babel/parser/lib/index.js:13459:12)
      at TypeScriptParserMixin.parseVarStatement (/app/node_modules/@babel/parser/lib/index.js:13306:10)
      at TypeScriptParserMixin.parseVarStatement (/app/node_modules/@babel/parser/lib/index.js:9469:31)
      at TypeScriptParserMixin.parseStatementContent (/app/node_modules/@babel/parser/lib/index.js:12927:23)
      at TypeScriptParserMixin.parseStatementContent (/app/node_modules/@babel/parser/lib/index.js:9569:18)
      at TypeScriptParserMixin.parseStatementLike (/app/node_modules/@babel/parser/lib/index.js:12843:17)
      at TypeScriptParserMixin.parseStatementListItem (/app/node_modules/@babel/parser/lib/index.js:12823:17)
      at TypeScriptParserMixin.parseBlockOrModuleBlockBody (/app/node_modules/@babel/parser/lib/index.js:13392:61)
      at TypeScriptParserMixin.parseBlockBody (/app/node_modules/@babel/parser/lib/index.js:13385:10)
      at TypeScriptParserMixin.parseBlock (/app/node_modules/@babel/parser/lib/index.js:13373:10)
      at TypeScriptParserMixin.parseTryStatement (/app/node_modules/@babel/parser/lib/index.js:13281:23)
      at TypeScriptParserMixin.parseStatementContent (/app/node_modules/@babel/parser/lib/index.js:12880:21)
      at TypeScriptParserMixin.parseStatementContent (/app/node_modules/@babel/parser/lib/index.js:9569:18)
      at TypeScriptParserMixin.parseStatementLike (/app/node_modules/@babel/parser/lib/index.js:12843:17)
      at TypeScriptParserMixin.parseStatementListItem (/app/node_modules/@babel/parser/lib/index.js:12823:17)
      at TypeScriptParserMixin.parseBlockOrModuleBlockBody (/app/node_modules/@babel/parser/lib/index.js:13392:61)
      at TypeScriptParserMixin.parseBlockBody (/app/node_modules/@babel/parser/lib/index.js:13385:10)
      at TypeScriptParserMixin.parseBlock (/app/node_modules/@babel/parser/lib/index.js:13373:10)
      at TypeScriptParserMixin.parseFunctionBody (/app/node_modules/@babel/parser/lib/index.js:12174:24)
      at TypeScriptParserMixin.parseArrowExpression (/app/node_modules/@babel/parser/lib/index.js:12149:10)
      at TypeScriptParserMixin.parseAsyncArrowFromCallExpression (/app/node_modules/@babel/parser/lib/index.js:11328:10)
      at TypeScriptParserMixin.parseAsyncArrowFromCallExpression (/app/node_modules/@babel/parser/lib/index.js:9819:18)
      at TypeScriptParserMixin.parseCoverCallAndAsyncArrowHead (/app/node_modules/@babel/parser/lib/index.js:11258:27)
      at TypeScriptParserMixin.parseSubscript (/app/node_modules/@babel/parser/lib/index.js:11184:19)
      at TypeScriptParserMixin.parseSubscript (/app/node_modules/@babel/parser/lib/index.js:9329:18)
      at TypeScriptParserMixin.parseSubscripts (/app/node_modules/@babel/parser/lib/index.js:11158:19)
      at TypeScriptParserMixin.parseExprSubscripts (/app/node_modules/@babel/parser/lib/index.js:11149:17)
      at TypeScriptParserMixin.parseUpdate (/app/node_modules/@babel/parser/lib/index.js:11130:21)
      at TypeScriptParserMixin.parseMaybeUnary (/app/node_modules/@babel/parser/lib/index.js:11110:23)
      at TypeScriptParserMixin.parseMaybeUnary (/app/node_modules/@babel/parser/lib/index.js:9890:18)
      at TypeScriptParserMixin.parseMaybeUnaryOrPrivate (/app/node_modules/@babel/parser/lib/index.js:10963:61)
      at TypeScriptParserMixin.parseExprOps (/app/node_modules/@babel/parser/lib/index.js:10968:23)
      at TypeScriptParserMixin.parseMaybeConditional (/app/node_modules/@babel/parser/lib/index.js:10945:23)
      at TypeScriptParserMixin.parseMaybeAssign (/app/node_modules/@babel/parser/lib/index.js:10895:21)
      at TypeScriptParserMixin.parseMaybeAssign (/app/node_modules/@babel/parser/lib/index.js:9839:20)
      at /app/node_modules/@babel/parser/lib/index.js:10864:39
      at TypeScriptParserMixin.allowInAnd (/app/node_modules/@babel/parser/lib/index.js:12495:16)
      at TypeScriptParserMixin.parseMaybeAssignAllowIn (/app/node_modules/@babel/parser/lib/index.js:10864:17)
      at TypeScriptParserMixin.parseVar (/app/node_modules/@babel/parser/lib/index.js:13460:91)
      at TypeScriptParserMixin.parseVarStatement (/app/node_modules/@babel/parser/lib/index.js:13306:10)
11:50:53 PM [vite] (client) hmr update /src/app/globals.css
11:51:02 PM [vite] (client) ✨ new dependencies optimized: @emailjs/browser, @radix-ui/react-label
11:51:02 PM [vite] (client) ✨ optimized dependencies changed. reloading
